\BOOKMARK [1][-]{section.0.1}{\376\377\116\072\116\300\116\110\211\201\121\231\217\331\150\067\116\000\147\054\116\146\377\037}{}% 1
\BOOKMARK [1][-]{section.0.2}{\376\377\147\054\116\146\146\057\140\016\116\110\121\231\121\372\147\145\166\204\377\037}{}% 2
\BOOKMARK [1][-]{section.0.3}{\376\377\147\054\116\146\166\204\122\033\117\134\164\006\137\365\146\057\116\300\116\110\377\037}{}% 3
\BOOKMARK [1][-]{section.0.4}{\376\377\147\054\116\146\116\073\211\201\147\011\124\352\116\233\121\205\133\271\377\037}{}% 4
\BOOKMARK [1][-]{section.0.5}{\376\377\226\005\213\373\147\054\116\146\145\366\166\204\154\350\141\017\116\213\230\171}{}% 5
\BOOKMARK [-1][-]{part.1}{\376\377\173\054\116\000\220\350\122\006\000\040\122\035\213\306\000\040\000R\000\040\000M\000a\000r\000k\000d\000o\000w\000n}{}% 6
\BOOKMARK [0][-]{chapter.1}{\376\377\000R\000\040\000M\000a\000r\000k\000d\000o\000w\000n\151\202\217\360}{part.1}% 7
\BOOKMARK [1][-]{section.1.1}{\376\377\000R\000\040\000M\000a\000r\000k\000d\000o\000w\000n\000\040\166\204\156\012\156\220}{chapter.1}% 8
\BOOKMARK [2][-]{subsection.1.1.1}{\376\377\000R\000\040\000M\000a\000r\000k\000d\000o\000w\000n\000\040\116\016\145\207\133\146\123\026\177\026\172\013}{section.1.1}% 9
\BOOKMARK [1][-]{section.1.2}{\376\377\116\345\150\110\117\213\137\142\137\017\122\035\213\306\000\040\000R\000\040\000M\000a\000r\000k\000d\000o\000w\000n}{chapter.1}% 10
\BOOKMARK [2][-]{subsection.1.2.1}{\376\377\145\160\143\156\122\006\147\220\142\245\124\112}{section.1.2}% 11
\BOOKMARK [2][-]{subsection.1.2.2}{\376\377\116\244\116\222\173\024\213\260\147\054}{section.1.2}% 12
\BOOKMARK [2][-]{subsection.1.2.3}{\376\377\116\052\116\272\173\200\123\206}{section.1.2}% 13
\BOOKMARK [2][-]{subsection.1.2.4}{\376\377\177\121\172\331}{section.1.2}% 14
\BOOKMARK [2][-]{subsection.1.2.5}{\376\377\136\173\160\157\162\107}{section.1.2}% 15
\BOOKMARK [2][-]{subsection.1.2.6}{\376\377\116\244\116\222\142\245\210\150}{section.1.2}% 16
\BOOKMARK [2][-]{subsection.1.2.7}{\376\377\122\250\140\001\145\207\150\143}{section.1.2}% 17
\BOOKMARK [0][-]{chapter.2}{\376\377\000R\000\040\000M\000a\000r\000k\000d\000o\000w\000n\000\040\166\204\127\372\170\100\167\345\213\306}{part.1}% 18
\BOOKMARK [1][-]{section.2.1}{\376\377\133\211\210\305\000\040\000R\000S\000t\000u\000d\000i\000o}{chapter.2}% 19
\BOOKMARK [1][-]{section.2.2}{\376\377\133\211\210\305\000\040\000r\000m\000a\000r\000k\000d\000o\000w\000n\000\040\123\005}{chapter.2}% 20
\BOOKMARK [2][-]{subsection.2.2.1}{\376\377\133\211\210\305\000\040\000T\000i\000n\000y\000T\000e\000x}{section.2.2}% 21
\BOOKMARK [2][-]{subsection.2.2.2}{\376\377\133\211\210\305\000\040\000G\000i\000t\000\040\000\050\000*\000\051}{section.2.2}% 22
\BOOKMARK [1][-]{section.2.3}{\376\377\000R\000\040\000M\000a\000r\000k\000d\000o\000w\000n\000\040\166\204\127\372\147\054\121\103\175\040}{chapter.2}% 23
\BOOKMARK [1][-]{section.2.4}{\376\377\000R\000\040\000M\000a\000r\000k\000d\000o\000w\000n\000\040\166\204\177\026\213\321\217\307\172\013\124\214\176\304\142\020\121\103\175\040}{chapter.2}% 24
\BOOKMARK [1][-]{section.2.5}{\376\377\000Y\000A\000M\000L\000\040\131\064\220\350}{chapter.2}% 25
\BOOKMARK [1][-]{section.2.6}{\376\377\000M\000a\000r\000k\000d\000o\000w\000n\000\040\213\355\154\325}{chapter.2}% 26
\BOOKMARK [2][-]{subsection.2.6.1}{\376\377\173\200\123\125\153\265\121\205\150\074\137\017}{section.2.6}% 27
\BOOKMARK [2][-]{subsection.2.6.2}{\376\377\143\142\210\114}{section.2.6}% 28
\BOOKMARK [2][-]{subsection.2.6.3}{\376\377\153\265\204\075\150\074\137\017}{section.2.6}% 29
\BOOKMARK [2][-]{subsection.2.6.4}{\376\377\116\343\170\001\127\127}{section.2.6}% 30
\BOOKMARK [2][-]{subsection.2.6.5}{\376\377\126\376\162\107}{section.2.6}% 31
\BOOKMARK [2][-]{subsection.2.6.6}{\376\377\210\150\150\074}{section.2.6}% 32
\BOOKMARK [2][-]{subsection.2.6.7}{\376\377\145\160\133\146\121\154\137\017}{section.2.6}% 33
\BOOKMARK [2][-]{subsection.2.6.8}{\376\377\140\073\176\323}{section.2.6}% 34
\BOOKMARK [1][-]{section.2.7}{\376\377\116\343\170\001\127\127\124\214\210\114\121\205\116\343\170\001}{chapter.2}% 35
\BOOKMARK [2][-]{subsection.2.7.1}{\376\377\116\343\170\001\127\127\220\011\230\171}{section.2.7}% 36
\BOOKMARK [1][-]{section.2.8}{\376\377\145\207\150\143\121\103\175\040}{chapter.2}% 37
\BOOKMARK [2][-]{subsection.2.8.1}{\376\377\126\376\162\107}{section.2.8}% 38
\BOOKMARK [2][-]{subsection.2.8.2}{\376\377\210\150\150\074}{section.2.8}% 39
\BOOKMARK [2][-]{subsection.2.8.3}{\376\377\122\006\230\165\173\046\124\214\122\006\122\162\176\277}{section.2.8}% 40
\BOOKMARK [2][-]{subsection.2.8.4}{\376\377\166\356\137\125}{section.2.8}% 41
\BOOKMARK [2][-]{subsection.2.8.5}{\376\377\123\302\200\003\145\207\163\056}{section.2.8}% 42
\BOOKMARK [2][-]{subsection.2.8.6}{\376\377\137\025\165\050\000\040\000R\000\040\123\005}{section.2.8}% 43
\BOOKMARK [2][-]{subsection.2.8.7}{\376\377\116\244\123\311\137\025\165\050}{section.2.8}% 44
\BOOKMARK [2][-]{subsection.2.8.8}{\376\377\175\042\137\025}{section.2.8}% 45
\BOOKMARK [2][-]{subsection.2.8.9}{\376\377\122\250\165\073}{section.2.8}% 46
\BOOKMARK [2][-]{subsection.2.8.10}{\376\377\116\244\116\222\176\304\116\366}{section.2.8}% 47
\BOOKMARK [2][-]{subsection.2.8.11}{\376\377\227\363\230\221\124\214\211\306\230\221}{section.2.8}% 48
\BOOKMARK [2][-]{subsection.2.8.12}{\376\377\155\101\172\013\126\376}{section.2.8}% 49
\BOOKMARK [1][-]{section.2.9}{\376\377\000R\000S\000t\000u\000d\000i\000o\000\040\126\376\137\142\123\026\177\026\217\221\126\150}{chapter.2}% 50
\BOOKMARK [-1][-]{part.2}{\376\377\173\054\116\214\220\350\122\006\000\040\127\372\116\216\000\040\000R\000\040\000M\000a\000r\000k\000d\000o\000w\000n\000\040\166\204\136\224\165\050}{}% 51
\BOOKMARK [0][-]{chapter.3}{\376\377\117\177\165\050\000\040\000R\000\040\000M\000a\000r\000k\000d\000o\000w\000n\000\040\122\033\136\372\136\070\165\050\145\207\150\143}{part.2}% 52
\BOOKMARK [1][-]{section.3.1}{\376\377\000H\000T\000M\000L\000\040\145\207\150\143}{chapter.3}% 53
\BOOKMARK [2][-]{subsection.3.1.1}{\376\377\166\356\137\125\124\214\150\007\230\230}{section.3.1}% 54
\BOOKMARK [2][-]{subsection.3.1.2}{\376\377\116\073\230\230\124\214\150\067\137\017}{section.3.1}% 55
\BOOKMARK [2][-]{subsection.3.1.3}{\376\377\126\376\162\107\124\214\145\160\143\156\150\106}{section.3.1}% 56
\BOOKMARK [2][-]{subsection.3.1.4}{\376\377\176\304\116\366\124\214\121\205\133\271}{section.3.1}% 57
\BOOKMARK [1][-]{section.3.2}{\376\377\000P\000D\000F\000\040\145\207\150\143}{chapter.3}% 58
\BOOKMARK [2][-]{subsection.3.2.1}{\376\377\116\316\000\040\000R\000\040\000M\000a\000r\000k\000d\000o\000w\000n\000\040\122\060\000\040\000P\000D\000F\000\040\145\207\150\143}{section.3.2}% 59
\BOOKMARK [2][-]{subsection.3.2.2}{\376\377\127\050\000\040\000P\000D\000F\000\040\145\207\150\143\116\055\117\177\165\050\116\055\145\207\166\204\154\350\141\017\116\213\230\171}{section.3.2}% 60
\BOOKMARK [2][-]{subsection.3.2.3}{\376\377\116\016\000\040\000H\000T\000M\000L\000\040\145\207\150\143\166\370\220\032\166\204\213\276\177\156}{section.3.2}% 61
\BOOKMARK [2][-]{subsection.3.2.4}{\376\377\000L\000a\000T\000e\000X\000\040\220\011\230\171}{section.3.2}% 62
\BOOKMARK [2][-]{subsection.3.2.5}{\376\377\117\177\165\050\000\040\000L\000a\000T\000e\000X\000\040\123\005\131\004\164\006\123\302\200\003\145\207\163\056}{section.3.2}% 63
\BOOKMARK [2][-]{subsection.3.2.6}{\376\377\000L\000a\000T\000e\000X\000\040\166\204\156\062\147\323\137\025\144\316}{section.3.2}% 64
\BOOKMARK [2][-]{subsection.3.2.7}{\376\377\117\335\165\131\165\037\142\020\166\204\000\040\000T\000e\000X\000\040\116\055\225\364\145\207\116\366}{section.3.2}% 65
\BOOKMARK [1][-]{section.3.3}{\376\377\000P\000P\000T\000\040\136\173\160\157\162\107}{chapter.3}% 66
\BOOKMARK [2][-]{subsection.3.3.1}{\376\377\000i\000o\000s\000l\000i\000d\000e\000s\000\040\136\173\160\157\162\107}{section.3.3}% 67
\BOOKMARK [2][-]{subsection.3.3.2}{\376\377\000S\000l\000i\000d\000y\000\040\136\173\160\157\162\107}{section.3.3}% 68
\BOOKMARK [2][-]{subsection.3.3.3}{\376\377\000B\000e\000a\000m\000e\000r\000\040\136\173\160\157\162\107}{section.3.3}% 69
\BOOKMARK [2][-]{subsection.3.3.4}{\376\377\000P\000o\000w\000e\000r\000P\000o\000i\000n\000t\000\040\136\173\160\157\162\107}{section.3.3}% 70
\BOOKMARK [2][-]{subsection.3.3.5}{\376\377\000X\000a\000r\000i\000n\000g\000a\000n\000\040\136\173\160\157\162\107}{section.3.3}% 71
\BOOKMARK [2][-]{subsection.3.3.6}{\376\377\000X\000a\000r\000i\000n\000g\000a\000n\000\040\136\173\160\157\162\107\166\204\142\151\134\125\123\005}{section.3.3}% 72
\BOOKMARK [1][-]{section.3.4}{\376\377\000W\000o\000r\000d\000\040\145\207\150\143}{chapter.3}% 73
\BOOKMARK [2][-]{subsection.3.4.1}{\376\377\122\033\136\372\000\040\000w\000o\000r\000d\000\040\152\041\147\177}{section.3.4}% 74
\BOOKMARK [2][-]{subsection.3.4.2}{\376\377\201\352\133\232\116\111\000\040\000W\000o\000r\000d\000\040\152\041\147\177}{section.3.4}% 75
\BOOKMARK [2][-]{subsection.3.4.3}{\376\377\000R\000\040\000M\000a\000r\000k\000d\000o\000w\000n\000\040\124\214\000\040\000W\000o\000r\000d\000\040\116\113\225\364\166\204\123\314\124\021\135\345\117\134\155\101\172\013}{section.3.4}% 76
\BOOKMARK [2][-]{subsection.3.4.4}{\376\377\116\052\116\272\230\316\150\074\121\103\175\040}{section.3.4}% 77
\BOOKMARK [1][-]{section.3.5}{\376\377\122\033\136\372\145\260\166\204\145\207\150\143\150\074\137\017}{chapter.3}% 78
\BOOKMARK [2][-]{subsection.3.5.1}{\376\377\116\316\163\260\147\011\145\207\150\143\150\074\137\017\210\115\165\037\145\260\150\074\137\017}{section.3.5}% 79
\BOOKMARK [2][-]{subsection.3.5.2}{\376\377\201\352\133\232\116\111\217\223\121\372\150\074\137\017}{section.3.5}% 80
\BOOKMARK [2][-]{subsection.3.5.3}{\376\377\117\177\165\050\145\260\166\204\145\207\150\143\217\223\121\372\150\074\137\017}{section.3.5}% 81
\BOOKMARK [0][-]{chapter.4}{\376\377\127\372\116\216\000\040\000R\000\040\000M\000a\000r\000k\000d\000o\000w\000n\000\040\135\345\117\134\116\016\133\146\116\140}{part.2}% 82
\BOOKMARK [1][-]{section.4.1}{\376\377\123\321\220\256\116\366\377\032\000b\000l\000a\000s\000t\000u\000l\000a}{chapter.4}% 83
\BOOKMARK [1][-]{section.4.2}{\376\377\122\066\117\134\000\040\000R\000\040\123\005\377\032\000f\000u\000s\000e\000n}{chapter.4}% 84
\BOOKMARK [1][-]{section.4.3}{\376\377\122\066\117\134\173\200\123\206\377\032\000d\000a\000t\000a\000d\000r\000i\000v\000e\000n\000c\000v}{chapter.4}% 85
\BOOKMARK [1][-]{section.4.4}{\376\377\121\231\116\146\124\214\213\260\133\146\116\140\173\024\213\260\377\032\000b\000o\000o\000k\000d\000o\000w\000n}{chapter.4}% 86
\BOOKMARK [1][-]{section.4.5}{\376\377\122\066\117\134\177\121\172\331\377\032\000b\000l\000o\000g\000d\000o\000w\000n}{chapter.4}% 87
\BOOKMARK [2][-]{subsection.4.5.1}{\376\377\000b\000l\000o\000g\000d\000o\000w\000n\000\040\173\200\116\313}{section.4.5}% 88
\BOOKMARK [2][-]{subsection.4.5.2}{\376\377\121\167\117\123\144\315\117\134}{section.4.5}% 89
\BOOKMARK [1][-]{section.4.6}{\376\377\122\066\117\134\171\321\142\200\213\272\145\207\166\204\145\057\144\221\147\120\145\231}{chapter.4}% 90
\BOOKMARK [2][-]{subsection.4.6.1}{\376\377\136\372\213\256\145\207\116\366\176\323\147\204}{section.4.6}% 91
\BOOKMARK [2][-]{subsection.4.6.2}{\376\377\122\006\147\220\142\245\124\112\166\204\153\143\145\207}{section.4.6}% 92
\BOOKMARK [-1][-]{part.3}{\376\377\173\054\116\011\220\350\122\006\000\040\000R\000\040\000M\000a\000r\000k\000d\000o\000w\000n\000\040\217\333\226\066\144\315\117\134}{}% 93
\BOOKMARK [0][-]{chapter.5}{\376\377\117\177\165\050\000\040\000R\000\040\000M\000a\000r\000k\000d\000o\000w\000n\000\040\122\033\136\372\122\250\140\001\116\244\116\222\145\207\150\143}{part.3}% 94
\BOOKMARK [1][-]{section.5.1}{\376\377\000W\000e\000b\000\040\116\244\116\222\165\114\227\142\377\032\000S\000h\000i\000n\000y\000\040\134\017\172\013\136\217}{chapter.5}% 95
\BOOKMARK [2][-]{subsection.5.1.1}{\376\377\121\145\225\350\143\007\123\127}{section.5.1}% 96
\BOOKMARK [2][-]{subsection.5.1.2}{\376\377\000S\000h\000i\000n\000y\000\040\220\350\177\162}{section.5.1}% 97
\BOOKMARK [2][-]{subsection.5.1.3}{\376\377\135\114\121\145\000\040\000S\000h\000i\000n\000y\000\040\136\224\165\050\172\013\136\217}{section.5.1}% 98
\BOOKMARK [2][-]{subsection.5.1.4}{\376\377\000S\000h\000i\000n\000y\000\040\134\017\220\350\116\366}{section.5.1}% 99
\BOOKMARK [2][-]{subsection.5.1.5}{\376\377\000S\000h\000i\000n\000y\000\040\145\207\150\143\225\364\166\204\224\376\143\245}{section.5.1}% 100
\BOOKMARK [2][-]{subsection.5.1.6}{\376\377\000S\000h\000i\000n\000y\000\040\145\207\150\143\166\204\156\062\147\323}{section.5.1}% 101
\BOOKMARK [1][-]{section.5.2}{\376\377\116\244\116\222\137\017\116\352\210\150\166\330\377\032\000D\000a\000s\000h\000b\000o\000a\000r\000d\000s}{chapter.5}% 102
\BOOKMARK [2][-]{subsection.5.2.1}{\376\377\000D\000a\000s\000h\000b\000o\000a\000r\000d\000s\000\040\121\145\225\350}{section.5.2}% 103
\BOOKMARK [2][-]{subsection.5.2.2}{\376\377\000D\000a\000s\000h\000b\000o\000a\000r\000d\000s\000\040\143\222\162\110}{section.5.2}% 104
\BOOKMARK [2][-]{subsection.5.2.3}{\376\377\000D\000a\000s\000h\000b\000o\000a\000r\000d\000s\000\040\176\304\116\366}{section.5.2}% 105
\BOOKMARK [2][-]{subsection.5.2.4}{\376\377\000D\000a\000s\000h\000b\000o\000a\000r\000d\000s\000\040\116\016\000\040\000S\000h\000i\000n\000y}{section.5.2}% 106
\BOOKMARK [1][-]{section.5.3}{\376\377\127\050\000\040\000R\000\040\000p\000a\000c\000k\000a\000g\000e\000\040\116\055\117\177\165\050\000\040\000R\000\040\000M\000a\000r\000k\000d\000o\000w\000n}{chapter.5}% 107
\BOOKMARK [2][-]{subsection.5.3.1}{\376\377\121\231\217\157\116\366\123\005\166\204\145\207\150\143}{section.5.3}% 108
\BOOKMARK [2][-]{subsection.5.3.2}{\376\377\000R\000\040\123\005\116\055\166\204\000\040\000R\000\040\000M\000a\000r\000k\000d\000o\000w\000n\000\040\152\041\147\177}{section.5.3}% 109
\BOOKMARK [0][-]{chapter.6}{\376\377\000R\000\040\000M\000a\000r\000k\000d\000o\000w\000n\000\040\166\204\144\315\117\134\142\200\135\347}{part.3}% 110
\BOOKMARK [1][-]{section.6.1}{\376\377\210\150\150\074\144\315\117\134\217\333\226\066}{chapter.6}% 111
\BOOKMARK [2][-]{subsection.6.1.1}{\376\377\122\051\165\050\121\375\145\160\000\040\000k\000n\000i\000t\000r\000:\000:\000k\000a\000b\000l\000e\000\050\000\051\000\040\165\037\142\020\131\015\147\102\166\204\210\150\150\074}{section.6.1}% 112
\BOOKMARK [2][-]{subsection.6.1.2}{\376\377\122\051\165\050\000\040\000k\000a\000b\000l\000e\000E\000x\000t\000r\000a\000\040\177\216\123\026\210\150\150\074}{section.6.1}% 113
\BOOKMARK [2][-]{subsection.6.1.3}{\376\377\121\166\133\203\210\150\150\074\123\005}{section.6.1}% 114
\BOOKMARK [1][-]{section.6.2}{\376\377\127\127\220\011\230\171}{chapter.6}% 115
\BOOKMARK [2][-]{subsection.6.2.1}{\376\377\127\050\127\127\220\011\230\171\116\055\117\177\165\050\123\330\221\317}{section.6.2}% 116
\BOOKMARK [2][-]{subsection.6.2.2}{\376\377\121\101\213\270\225\031\213\357}{section.6.2}% 117
\BOOKMARK [2][-]{subsection.6.2.3}{\376\377\143\247\122\066\217\223\121\372}{section.6.2}% 118
\BOOKMARK [2][-]{subsection.6.2.4}{\376\377\201\352\122\250\150\074\137\017\123\026\156\220\116\343\170\001}{section.6.2}% 119
\BOOKMARK [2][-]{subsection.6.2.5}{\376\377\214\003\145\164\145\207\147\054\217\223\121\372\116\055\166\204\122\115\133\374\173\046\123\367}{section.6.2}% 120
\BOOKMARK [2][-]{subsection.6.2.6}{\376\377\116\072\116\343\170\001\127\127\155\373\122\240\134\136\140\047\000\040\000\050\000*\000\051}{section.6.2}% 121
\BOOKMARK [2][-]{subsection.6.2.7}{\376\377\124\014\116\000\137\040\126\376\166\204\131\032\171\315\126\376\120\317\217\223\121\372\150\074\137\017}{section.6.2}% 122
\BOOKMARK [2][-]{subsection.6.2.8}{\376\377\126\376\120\317\166\204\124\016\147\037\122\240\135\345\000\040\000\050\000*\000\051}{section.6.2}% 123
\BOOKMARK [2][-]{subsection.6.2.9}{\376\377\217\223\121\372\232\330\215\050\221\317\166\204\126\376\120\317\000\040\000\050\000*\000\051}{section.6.2}% 124
\BOOKMARK [2][-]{subsection.6.2.10}{\376\377\136\046\147\011\117\116\176\247\176\330\126\376\122\237\200\375\166\204\220\020\153\145\176\330\126\376\000\040\000\050\000*\000\051}{section.6.2}% 125
\BOOKMARK [2][-]{subsection.6.2.11}{\376\377\127\050\116\343\170\001\127\127\116\055\201\352\133\232\116\111\133\371\214\141\166\204\142\123\123\160\150\074\137\017\000\040\000\050\000*\000\051}{section.6.2}% 126
\BOOKMARK [2][-]{subsection.6.2.12}{\376\377\220\011\230\171\224\251\133\120\000\040\000\050\000*\000\051}{section.6.2}% 127
\BOOKMARK [1][-]{section.6.3}{\376\377\176\323\124\010\121\166\116\326\213\355\212\000}{chapter.6}% 128
\BOOKMARK [2][-]{subsection.6.3.1}{\376\377\154\350\121\214\201\352\133\232\116\111\213\355\212\000\137\025\144\316\000\040\000\050\000*\000\051}{section.6.3}% 129
\BOOKMARK [2][-]{subsection.6.3.2}{\376\377\217\320\210\114\000\040\000P\000y\000t\000h\000o\000n\000\040\116\343\170\001\136\166\116\016\000\040\000P\000y\000t\000h\000o\000n\000\040\116\244\116\222}{section.6.3}% 130
\BOOKMARK [2][-]{subsection.6.3.3}{\376\377\220\032\217\307\000\040\000a\000s\000i\000s\000\040\137\025\144\316\147\011\147\141\116\366\127\060\142\147\210\114\121\205\133\271}{section.6.3}% 131
\BOOKMARK [2][-]{subsection.6.3.4}{\376\377\142\147\210\114\000\040\000S\000h\000e\000l\000l\000\040\201\032\147\054}{section.6.3}% 132
\BOOKMARK [2][-]{subsection.6.3.5}{\376\377\220\032\217\307\000\040\000c\000a\000t\000\040\137\025\144\316\134\006\116\343\170\001\127\127\121\205\133\271\121\231\121\145\145\207\116\366}{section.6.3}% 133
\BOOKMARK [2][-]{subsection.6.3.6}{\376\377\217\320\210\114\000\040\000S\000A\000S\000\040\116\343\170\001}{section.6.3}% 134
\BOOKMARK [2][-]{subsection.6.3.7}{\376\377\217\320\210\114\000\040\000S\000t\000a\000t\000a\000\040\116\343\170\001}{section.6.3}% 135
\BOOKMARK [2][-]{subsection.6.3.8}{\376\377\117\177\165\050\000\040\000S\000a\000s\000s\000/\000S\000C\000S\000S\000\040\147\204\136\372\000\040\000H\000T\000M\000L\000\040\230\165\227\142}{section.6.3}% 136
\BOOKMARK [1][-]{section.6.4}{\376\377\217\223\121\372\224\251\133\120\000\040\000\050\000*\000\051}{chapter.6}% 137
\BOOKMARK [2][-]{subsection.6.4.1}{\376\377\177\026\217\221\156\220\116\343\170\001}{section.6.4}% 138
\BOOKMARK [2][-]{subsection.6.4.2}{\376\377\124\021\156\220\116\343\170\001\116\055\155\373\122\240\210\114\123\367}{section.6.4}% 139
\BOOKMARK [2][-]{subsection.6.4.3}{\376\377\116\072\225\177\145\207\147\054\155\373\122\240\156\332\122\250\147\141}{section.6.4}% 140
\BOOKMARK [2][-]{subsection.6.4.4}{\376\377\142\052\145\255\145\207\147\054\217\223\121\372}{section.6.4}% 141
\BOOKMARK [2][-]{subsection.6.4.5}{\376\377\116\345\000\040\000H\000T\000M\000L\0005\000\040\150\074\137\017\217\223\121\372\126\376\120\317}{section.6.4}% 142
\BOOKMARK [1][-]{section.6.5}{\376\377\177\023\133\130\000\040\000\050\000*\000\051}{chapter.6}% 143
\BOOKMARK [2][-]{subsection.6.5.1}{\376\377\177\023\133\130\200\027\145\366\166\204\116\343\170\001\127\127}{section.6.5}% 144
\BOOKMARK [2][-]{subsection.6.5.2}{\376\377\116\072\131\032\171\315\217\223\121\372\150\074\137\017\177\023\133\130\116\343\170\001\127\127}{section.6.5}% 145
\BOOKMARK [2][-]{subsection.6.5.3}{\376\377\177\023\133\130\131\047\127\213\166\204\133\371\214\141}{section.6.5}% 146
\BOOKMARK [2][-]{subsection.6.5.4}{\376\377\127\372\116\216\000\040\000c\000a\000c\000h\000e\000\137\000r\000d\000s\000\050\000\051\000\040\166\204\177\023\133\130}{section.6.5}% 147
\BOOKMARK [1][-]{section.6.6}{\376\377\121\166\133\203\117\177\165\050\000\040\000k\000n\000i\000t\000r\000\040\166\204\134\017\142\200\135\347\000\040\000\050\000*\000\051}{chapter.6}% 148
\BOOKMARK [2][-]{subsection.6.6.1}{\376\377\221\315\131\015\117\177\165\050\116\343\170\001\127\127}{section.6.6}% 149
\BOOKMARK [2][-]{subsection.6.6.2}{\376\377\127\050\122\033\136\372\133\371\214\141\116\113\122\115\117\177\165\050\133\203\000\040\000\050\000*\000\051}{section.6.6}% 150
\BOOKMARK [2][-]{subsection.6.6.3}{\376\377\143\320\122\115\220\000\121\372\177\026\213\321}{section.6.6}% 151
\BOOKMARK [2][-]{subsection.6.6.4}{\376\377\143\247\122\066\126\376\120\317\146\076\171\072\117\115\177\156}{section.6.6}% 152
\BOOKMARK [2][-]{subsection.6.6.5}{\376\377\117\356\145\071\116\113\122\115\116\343\170\001\127\127\116\055\166\204\126\376\120\317}{section.6.6}% 153
\BOOKMARK [2][-]{subsection.6.6.6}{\376\377\131\015\165\050\127\127\220\011\230\171\000\040\000\050\000*\000\051}{section.6.6}% 154
\BOOKMARK [2][-]{subsection.6.6.7}{\376\377\117\177\165\050\000\040\000k\000n\000i\000t\000r\000:\000:\000k\000n\000i\000t\000\137\000e\000x\000p\000a\000n\000d\000\050\000\051\000\040\147\145\165\037\142\020\000\040\000R\000m\000d\000\040\156\220\116\343\170\001}{section.6.6}% 155
\BOOKMARK [2][-]{subsection.6.6.8}{\376\377\221\315\131\015\116\343\170\001\127\127\150\007\173\176\000\040\000\050\000*\000\051}{section.6.6}% 156
\BOOKMARK [0][-]{chapter.7}{\376\377\117\177\165\050\000\040\000R\000\040\000M\000a\000r\000k\000d\000o\000w\000n\000\040\137\000\134\125\230\171\166\356\135\345\117\134}{part.3}% 157
\BOOKMARK [1][-]{section.7.1}{\376\377\117\177\165\050\000\040\000R\000\040\000M\000a\000r\000k\000d\000o\000w\000n\000\040\127\050\135\345\117\134\116\055\173\241\164\006\230\171\166\356}{chapter.7}% 158
\BOOKMARK [2][-]{subsection.7.1.1}{\376\377\147\145\201\352\131\026\220\350\166\204\000\040\000R\000\040\201\032\147\054}{section.7.1}% 159
\BOOKMARK [2][-]{subsection.7.1.2}{\376\377\134\006\131\026\220\350\201\032\147\054\213\373\123\326\122\060\116\000\116\052\127\127\116\055}{section.7.1}% 160
\BOOKMARK [2][-]{subsection.7.1.3}{\376\377\116\316\131\026\220\350\201\032\147\054\213\373\123\326\131\032\116\052\116\343\170\001\127\127\000\040\000\050\000*\000\051}{section.7.1}% 161
\BOOKMARK [2][-]{subsection.7.1.4}{\376\377\133\120\145\207\150\143\000\040\000\050\000*\000\051}{section.7.1}% 162
\BOOKMARK [2][-]{subsection.7.1.5}{\376\377\117\335\165\131\126\376\120\317\145\207\116\366}{section.7.1}% 163
\BOOKMARK [2][-]{subsection.7.1.6}{\376\377\000R\000\040\116\343\170\001\127\127\166\204\135\345\117\134\166\356\137\125}{section.7.1}% 164
\BOOKMARK [1][-]{section.7.2}{\376\377\117\177\165\050\000\040\000R\000\040\000M\000a\000r\000k\000d\000o\000w\000n\000\040\133\236\163\260\135\345\117\134\155\101}{chapter.7}% 165
\BOOKMARK [2][-]{subsection.7.2.1}{\376\377\117\177\165\050\000\040\000R\000S\000t\000u\000d\000i\000o\000\040\225\056\166\330\137\353\143\167\225\056}{section.7.2}% 166
\BOOKMARK [2][-]{subsection.7.2.2}{\376\377\000R\000\040\000M\000a\000r\000k\000d\000o\000w\000n\000\040\166\204\142\374\121\231\150\300\147\345}{section.7.2}% 167
\BOOKMARK [2][-]{subsection.7.2.3}{\376\377\165\050\000\040\000r\000m\000a\000r\000k\000d\000o\000w\000n\000:\000:\000r\000e\000n\000d\000e\000r\000\050\000\051\000\040\124\110\163\260\000\040\000R\000\040\000M\000a\000r\000k\000d\000o\000w\000n}{section.7.2}% 168
\BOOKMARK [2][-]{subsection.7.2.4}{\376\377\123\302\145\160\123\026\166\204\142\245\124\112}{section.7.2}% 169
\BOOKMARK [2][-]{subsection.7.2.5}{\376\377\201\352\133\232\116\111\000\040\000K\000n\000i\000t\000\040\143\011\224\256\000\040\000\050\000*\000\051}{section.7.2}% 170
\BOOKMARK [2][-]{subsection.7.2.6}{\376\377\220\032\217\307\000\040\000G\000o\000o\000g\000l\000e\000\040\000D\000r\000i\000v\000e\000\040\133\371\000\040\000R\000m\000d\000\040\145\207\150\143\217\333\210\114\123\117\117\134}{section.7.2}% 171
\BOOKMARK [2][-]{subsection.7.2.7}{\376\377\165\050\000\040\000w\000o\000r\000k\000f\000l\000o\000w\000r\000\040\134\006\000\040\000R\000\040\000M\000a\000r\000k\000d\000o\000w\000n\000\040\230\171\166\356\176\304\176\307\122\060\116\000\116\052\170\024\172\166\177\121\172\331\116\012}{section.7.2}% 172
\BOOKMARK [2][-]{subsection.7.2.8}{\376\377\117\177\165\050\000\040\000G\000i\000t\000H\000u\000b\000\040\000A\000c\000t\000i\000o\000n\000s\000\040\133\236\163\260\201\352\122\250\123\026\220\350\177\162}{section.7.2}% 173
